{"/home/nico/Desktop/Code/CaminoApp/src/actions/filters.js": {"path":"/home/nico/Desktop/Code/CaminoApp/src/actions/filters.js","statementMap":{"0":{"start":{"line":2,"column":29},"end":{"line":5,"column":2}},"1":{"start":{"line":2,"column":45},"end":{"line":5,"column":1}},"2":{"start":{"line":8,"column":27},"end":{"line":10,"column":2}},"3":{"start":{"line":8,"column":34},"end":{"line":10,"column":1}},"4":{"start":{"line":13,"column":28},"end":{"line":15,"column":2}},"5":{"start":{"line":13,"column":35},"end":{"line":15,"column":1}}},"fnMap":{"0":{"name":"(anonymous_0)","decl":{"start":{"line":2,"column":29},"end":{"line":2,"column":30}},"loc":{"start":{"line":2,"column":45},"end":{"line":5,"column":1}},"line":2},"1":{"name":"(anonymous_1)","decl":{"start":{"line":8,"column":27},"end":{"line":8,"column":28}},"loc":{"start":{"line":8,"column":34},"end":{"line":10,"column":1}},"line":8},"2":{"name":"(anonymous_2)","decl":{"start":{"line":13,"column":28},"end":{"line":13,"column":29}},"loc":{"start":{"line":13,"column":35},"end":{"line":15,"column":1}},"line":13}},"branchMap":{"0":{"loc":{"start":{"line":2,"column":30},"end":{"line":2,"column":39}},"type":"default-arg","locations":[{"start":{"line":2,"column":37},"end":{"line":2,"column":39}}],"line":2}},"s":{"0":3,"1":2,"2":3,"3":0,"4":3,"5":1},"f":{"0":2,"1":0,"2":1},"b":{"0":[1]},"_coverageSchema":"332fd63041d2c1bcb487cc26dd0d5f7d97098a6c","hash":"8cd9cb1b23869a878f5b904ec135fca0ea1cdaac"}
,"/home/nico/Desktop/Code/CaminoApp/src/actions/items.js": {"path":"/home/nico/Desktop/Code/CaminoApp/src/actions/items.js","statementMap":{"0":{"start":{"line":5,"column":23},"end":{"line":8,"column":2}},"1":{"start":{"line":5,"column":34},"end":{"line":8,"column":1}},"2":{"start":{"line":11,"column":28},"end":{"line":31,"column":1}},"3":{"start":{"line":12,"column":2},"end":{"line":30,"column":4}},"4":{"start":{"line":21,"column":8},"end":{"line":21,"column":16}},"5":{"start":{"line":22,"column":17},"end":{"line":22,"column":75}},"6":{"start":{"line":24,"column":4},"end":{"line":29,"column":7}},"7":{"start":{"line":25,"column":6},"end":{"line":28,"column":10}},"8":{"start":{"line":34,"column":26},"end":{"line":37,"column":2}},"9":{"start":{"line":34,"column":44},"end":{"line":37,"column":1}},"10":{"start":{"line":40,"column":31},"end":{"line":46,"column":1}},"11":{"start":{"line":41,"column":2},"end":{"line":45,"column":4}},"12":{"start":{"line":42,"column":4},"end":{"line":44,"column":7}},"13":{"start":{"line":43,"column":6},"end":{"line":43,"column":35}},"14":{"start":{"line":49,"column":24},"end":{"line":53,"column":2}},"15":{"start":{"line":49,"column":42},"end":{"line":53,"column":1}},"16":{"start":{"line":56,"column":29},"end":{"line":62,"column":1}},"17":{"start":{"line":57,"column":2},"end":{"line":61,"column":4}},"18":{"start":{"line":58,"column":4},"end":{"line":60,"column":7}},"19":{"start":{"line":59,"column":6},"end":{"line":59,"column":38}},"20":{"start":{"line":65,"column":24},"end":{"line":68,"column":2}},"21":{"start":{"line":65,"column":36},"end":{"line":68,"column":1}},"22":{"start":{"line":71,"column":29},"end":{"line":86,"column":1}},"23":{"start":{"line":72,"column":2},"end":{"line":85,"column":4}},"24":{"start":{"line":73,"column":4},"end":{"line":84,"column":7}},"25":{"start":{"line":74,"column":20},"end":{"line":74,"column":22}},"26":{"start":{"line":76,"column":6},"end":{"line":81,"column":9}},"27":{"start":{"line":77,"column":8},"end":{"line":80,"column":11}},"28":{"start":{"line":83,"column":6},"end":{"line":83,"column":32}}},"fnMap":{"0":{"name":"(anonymous_0)","decl":{"start":{"line":5,"column":23},"end":{"line":5,"column":24}},"loc":{"start":{"line":5,"column":34},"end":{"line":8,"column":1}},"line":5},"1":{"name":"(anonymous_1)","decl":{"start":{"line":11,"column":28},"end":{"line":11,"column":29}},"loc":{"start":{"line":11,"column":47},"end":{"line":31,"column":1}},"line":11},"2":{"name":"(anonymous_2)","decl":{"start":{"line":12,"column":9},"end":{"line":12,"column":10}},"loc":{"start":{"line":12,"column":23},"end":{"line":30,"column":3}},"line":12},"3":{"name":"(anonymous_3)","decl":{"start":{"line":24,"column":49},"end":{"line":24,"column":50}},"loc":{"start":{"line":24,"column":58},"end":{"line":29,"column":5}},"line":24},"4":{"name":"(anonymous_4)","decl":{"start":{"line":34,"column":26},"end":{"line":34,"column":27}},"loc":{"start":{"line":34,"column":44},"end":{"line":37,"column":1}},"line":34},"5":{"name":"(anonymous_5)","decl":{"start":{"line":40,"column":31},"end":{"line":40,"column":32}},"loc":{"start":{"line":40,"column":48},"end":{"line":46,"column":1}},"line":40},"6":{"name":"(anonymous_6)","decl":{"start":{"line":41,"column":9},"end":{"line":41,"column":10}},"loc":{"start":{"line":41,"column":23},"end":{"line":45,"column":3}},"line":41},"7":{"name":"(anonymous_7)","decl":{"start":{"line":42,"column":53},"end":{"line":42,"column":54}},"loc":{"start":{"line":42,"column":58},"end":{"line":44,"column":5}},"line":42},"8":{"name":"(anonymous_8)","decl":{"start":{"line":49,"column":24},"end":{"line":49,"column":25}},"loc":{"start":{"line":49,"column":42},"end":{"line":53,"column":1}},"line":49},"9":{"name":"(anonymous_9)","decl":{"start":{"line":56,"column":29},"end":{"line":56,"column":30}},"loc":{"start":{"line":56,"column":46},"end":{"line":62,"column":1}},"line":56},"10":{"name":"(anonymous_10)","decl":{"start":{"line":57,"column":9},"end":{"line":57,"column":10}},"loc":{"start":{"line":57,"column":23},"end":{"line":61,"column":3}},"line":57},"11":{"name":"(anonymous_11)","decl":{"start":{"line":58,"column":60},"end":{"line":58,"column":61}},"loc":{"start":{"line":58,"column":66},"end":{"line":60,"column":5}},"line":58},"12":{"name":"(anonymous_12)","decl":{"start":{"line":65,"column":24},"end":{"line":65,"column":25}},"loc":{"start":{"line":65,"column":36},"end":{"line":68,"column":1}},"line":65},"13":{"name":"(anonymous_13)","decl":{"start":{"line":71,"column":29},"end":{"line":71,"column":30}},"loc":{"start":{"line":71,"column":35},"end":{"line":86,"column":1}},"line":71},"14":{"name":"(anonymous_14)","decl":{"start":{"line":72,"column":9},"end":{"line":72,"column":10}},"loc":{"start":{"line":72,"column":23},"end":{"line":85,"column":3}},"line":72},"15":{"name":"(anonymous_15)","decl":{"start":{"line":73,"column":52},"end":{"line":73,"column":53}},"loc":{"start":{"line":73,"column":66},"end":{"line":84,"column":5}},"line":73},"16":{"name":"(anonymous_16)","decl":{"start":{"line":76,"column":23},"end":{"line":76,"column":24}},"loc":{"start":{"line":76,"column":42},"end":{"line":81,"column":7}},"line":76}},"branchMap":{"0":{"loc":{"start":{"line":11,"column":29},"end":{"line":11,"column":42}},"type":"default-arg","locations":[{"start":{"line":11,"column":40},"end":{"line":11,"column":42}}],"line":11},"1":{"loc":{"start":{"line":14,"column":6},"end":{"line":14,"column":22}},"type":"default-arg","locations":[{"start":{"line":14,"column":20},"end":{"line":14,"column":22}}],"line":14},"2":{"loc":{"start":{"line":15,"column":6},"end":{"line":15,"column":15}},"type":"default-arg","locations":[{"start":{"line":15,"column":13},"end":{"line":15,"column":15}}],"line":15},"3":{"loc":{"start":{"line":16,"column":6},"end":{"line":16,"column":16}},"type":"default-arg","locations":[{"start":{"line":16,"column":15},"end":{"line":16,"column":16}}],"line":16},"4":{"loc":{"start":{"line":17,"column":6},"end":{"line":17,"column":55}},"type":"default-arg","locations":[{"start":{"line":17,"column":14},"end":{"line":17,"column":55}}],"line":17},"5":{"loc":{"start":{"line":18,"column":6},"end":{"line":18,"column":56}},"type":"default-arg","locations":[{"start":{"line":18,"column":15},"end":{"line":18,"column":56}}],"line":18},"6":{"loc":{"start":{"line":19,"column":6},"end":{"line":19,"column":56}},"type":"default-arg","locations":[{"start":{"line":19,"column":15},"end":{"line":19,"column":56}}],"line":19},"7":{"loc":{"start":{"line":20,"column":6},"end":{"line":20,"column":56}},"type":"default-arg","locations":[{"start":{"line":20,"column":15},"end":{"line":20,"column":56}}],"line":20},"8":{"loc":{"start":{"line":34,"column":27},"end":{"line":34,"column":38}},"type":"default-arg","locations":[{"start":{"line":34,"column":36},"end":{"line":34,"column":38}}],"line":34},"9":{"loc":{"start":{"line":40,"column":32},"end":{"line":40,"column":43}},"type":"default-arg","locations":[{"start":{"line":40,"column":41},"end":{"line":40,"column":43}}],"line":40}},"s":{"0":3,"1":3,"2":3,"3":2,"4":2,"5":2,"6":2,"7":2,"8":3,"9":2,"10":3,"11":1,"12":1,"13":1,"14":3,"15":2,"16":3,"17":1,"18":1,"19":1,"20":3,"21":2,"22":3,"23":1,"24":1,"25":1,"26":1,"27":3,"28":1},"f":{"0":3,"1":2,"2":2,"3":2,"4":2,"5":1,"6":1,"7":1,"8":2,"9":1,"10":1,"11":1,"12":2,"13":1,"14":1,"15":1,"16":3},"b":{"0":[0],"1":[1],"2":[1],"3":[1],"4":[1],"5":[1],"6":[1],"7":[1],"8":[0],"9":[0]},"_coverageSchema":"332fd63041d2c1bcb487cc26dd0d5f7d97098a6c","hash":"64c56d0659f9e88e5d03f04309282a7149200e30"}
,"/home/nico/Desktop/Code/CaminoApp/src/components/AboutPage.js": {"path":"/home/nico/Desktop/Code/CaminoApp/src/components/AboutPage.js","statementMap":{"0":{"start":{"line":5,"column":18},"end":{"line":24,"column":1}},"1":{"start":{"line":6,"column":2},"end":{"line":23,"column":8}}},"fnMap":{"0":{"name":"(anonymous_0)","decl":{"start":{"line":5,"column":18},"end":{"line":5,"column":19}},"loc":{"start":{"line":6,"column":2},"end":{"line":23,"column":8}},"line":6}},"branchMap":{},"s":{"0":1,"1":1},"f":{"0":1},"b":{},"_coverageSchema":"332fd63041d2c1bcb487cc26dd0d5f7d97098a6c","hash":"c787338af786a24412937dc58d6acea351201190"}
,"/home/nico/Desktop/Code/CaminoApp/src/components/AddItemPage.js": {"path":"/home/nico/Desktop/Code/CaminoApp/src/components/AddItemPage.js","statementMap":{"0":{"start":{"line":9,"column":4},"end":{"line":9,"column":34}},"1":{"start":{"line":10,"column":4},"end":{"line":10,"column":33}},"2":{"start":{"line":13,"column":4},"end":{"line":22,"column":6}},"3":{"start":{"line":26,"column":27},"end":{"line":28,"column":2}},"4":{"start":{"line":26,"column":42},"end":{"line":28,"column":1}},"5":{"start":{"line":27,"column":26},"end":{"line":27,"column":54}}},"fnMap":{"0":{"name":"(anonymous_0)","decl":{"start":{"line":8,"column":13},"end":{"line":8,"column":14}},"loc":{"start":{"line":8,"column":23},"end":{"line":11,"column":3}},"line":8},"1":{"name":"(anonymous_1)","decl":{"start":{"line":12,"column":2},"end":{"line":12,"column":3}},"loc":{"start":{"line":12,"column":11},"end":{"line":23,"column":3}},"line":12},"2":{"name":"(anonymous_2)","decl":{"start":{"line":26,"column":27},"end":{"line":26,"column":28}},"loc":{"start":{"line":26,"column":42},"end":{"line":28,"column":1}},"line":26},"3":{"name":"(anonymous_3)","decl":{"start":{"line":27,"column":16},"end":{"line":27,"column":17}},"loc":{"start":{"line":27,"column":26},"end":{"line":27,"column":54}},"line":27}},"branchMap":{},"s":{"0":1,"1":1,"2":2,"3":1,"4":0,"5":0},"f":{"0":1,"1":2,"2":0,"3":0},"b":{},"_coverageSchema":"332fd63041d2c1bcb487cc26dd0d5f7d97098a6c","hash":"5c385f7930b88667cd7b049b6273c040bccf0759"}
,"/home/nico/Desktop/Code/CaminoApp/src/components/DashboardPage.js": {"path":"/home/nico/Desktop/Code/CaminoApp/src/components/DashboardPage.js","statementMap":{"0":{"start":{"line":7,"column":22},"end":{"line":30,"column":1}},"1":{"start":{"line":8,"column":2},"end":{"line":29,"column":8}}},"fnMap":{"0":{"name":"(anonymous_0)","decl":{"start":{"line":7,"column":22},"end":{"line":7,"column":23}},"loc":{"start":{"line":8,"column":2},"end":{"line":29,"column":8}},"line":8}},"branchMap":{},"s":{"0":1,"1":1},"f":{"0":1},"b":{},"_coverageSchema":"332fd63041d2c1bcb487cc26dd0d5f7d97098a6c","hash":"3a2717e3fe6919b4e76acfabd3587ab2cf8aaeb7"}
,"/home/nico/Desktop/Code/CaminoApp/src/components/EditItemPage.js": {"path":"/home/nico/Desktop/Code/CaminoApp/src/components/EditItemPage.js","statementMap":{"0":{"start":{"line":9,"column":4},"end":{"line":9,"column":55}},"1":{"start":{"line":10,"column":4},"end":{"line":10,"column":33}},"2":{"start":{"line":13,"column":4},"end":{"line":13,"column":59}},"3":{"start":{"line":14,"column":4},"end":{"line":14,"column":33}},"4":{"start":{"line":17,"column":4},"end":{"line":27,"column":6}},"5":{"start":{"line":31,"column":24},"end":{"line":33,"column":2}},"6":{"start":{"line":31,"column":43},"end":{"line":33,"column":1}},"7":{"start":{"line":32,"column":35},"end":{"line":32,"column":68}},"8":{"start":{"line":35,"column":27},"end":{"line":38,"column":2}},"9":{"start":{"line":35,"column":49},"end":{"line":38,"column":1}},"10":{"start":{"line":36,"column":31},"end":{"line":36,"column":64}},"11":{"start":{"line":37,"column":29},"end":{"line":37,"column":60}}},"fnMap":{"0":{"name":"(anonymous_0)","decl":{"start":{"line":8,"column":13},"end":{"line":8,"column":14}},"loc":{"start":{"line":8,"column":23},"end":{"line":11,"column":3}},"line":8},"1":{"name":"(anonymous_1)","decl":{"start":{"line":12,"column":13},"end":{"line":12,"column":14}},"loc":{"start":{"line":12,"column":19},"end":{"line":15,"column":3}},"line":12},"2":{"name":"(anonymous_2)","decl":{"start":{"line":16,"column":2},"end":{"line":16,"column":3}},"loc":{"start":{"line":16,"column":11},"end":{"line":28,"column":3}},"line":16},"3":{"name":"(anonymous_3)","decl":{"start":{"line":31,"column":24},"end":{"line":31,"column":25}},"loc":{"start":{"line":31,"column":43},"end":{"line":33,"column":1}},"line":31},"4":{"name":"(anonymous_4)","decl":{"start":{"line":32,"column":25},"end":{"line":32,"column":26}},"loc":{"start":{"line":32,"column":35},"end":{"line":32,"column":68}},"line":32},"5":{"name":"(anonymous_5)","decl":{"start":{"line":35,"column":27},"end":{"line":35,"column":28}},"loc":{"start":{"line":35,"column":49},"end":{"line":38,"column":1}},"line":35},"6":{"name":"(anonymous_6)","decl":{"start":{"line":36,"column":17},"end":{"line":36,"column":18}},"loc":{"start":{"line":36,"column":31},"end":{"line":36,"column":64}},"line":36},"7":{"name":"(anonymous_7)","decl":{"start":{"line":37,"column":19},"end":{"line":37,"column":20}},"loc":{"start":{"line":37,"column":29},"end":{"line":37,"column":60}},"line":37}},"branchMap":{},"s":{"0":1,"1":1,"2":1,"3":1,"4":3,"5":1,"6":0,"7":0,"8":1,"9":0,"10":0,"11":0},"f":{"0":1,"1":1,"2":3,"3":0,"4":0,"5":0,"6":0,"7":0},"b":{},"_coverageSchema":"332fd63041d2c1bcb487cc26dd0d5f7d97098a6c","hash":"337c78c6dae8e84ecf21e2addef9286da4c1ef66"}
,"/home/nico/Desktop/Code/CaminoApp/src/components/Header.js": {"path":"/home/nico/Desktop/Code/CaminoApp/src/components/Header.js","statementMap":{"0":{"start":{"line":5,"column":15},"end":{"line":22,"column":1}},"1":{"start":{"line":6,"column":2},"end":{"line":21,"column":8}}},"fnMap":{"0":{"name":"(anonymous_0)","decl":{"start":{"line":5,"column":15},"end":{"line":5,"column":16}},"loc":{"start":{"line":6,"column":2},"end":{"line":21,"column":8}},"line":6}},"branchMap":{},"s":{"0":1,"1":1},"f":{"0":1},"b":{},"_coverageSchema":"332fd63041d2c1bcb487cc26dd0d5f7d97098a6c","hash":"8da5ac564f03c5da7bbaec9821c2fbf207db5571"}
,"/home/nico/Desktop/Code/CaminoApp/src/components/ItemForm.js": {"path":"/home/nico/Desktop/Code/CaminoApp/src/components/ItemForm.js","statementMap":{"0":{"start":{"line":6,"column":4},"end":{"line":6,"column":17}},"1":{"start":{"line":8,"column":4},"end":{"line":13,"column":6}},"2":{"start":{"line":16,"column":24},"end":{"line":16,"column":38}},"3":{"start":{"line":17,"column":4},"end":{"line":17,"column":43}},"4":{"start":{"line":17,"column":25},"end":{"line":17,"column":40}},"5":{"start":{"line":20,"column":17},"end":{"line":20,"column":31}},"6":{"start":{"line":21,"column":4},"end":{"line":21,"column":36}},"7":{"start":{"line":21,"column":25},"end":{"line":21,"column":33}},"8":{"start":{"line":24,"column":19},"end":{"line":24,"column":33}},"9":{"start":{"line":26,"column":4},"end":{"line":28,"column":5}},"10":{"start":{"line":27,"column":6},"end":{"line":27,"column":40}},"11":{"start":{"line":27,"column":27},"end":{"line":27,"column":37}},"12":{"start":{"line":32,"column":4},"end":{"line":32,"column":23}},"13":{"start":{"line":33,"column":4},"end":{"line":42,"column":5}},"14":{"start":{"line":34,"column":6},"end":{"line":34,"column":77}},"15":{"start":{"line":34,"column":27},"end":{"line":34,"column":74}},"16":{"start":{"line":36,"column":6},"end":{"line":36,"column":41}},"17":{"start":{"line":36,"column":26},"end":{"line":36,"column":38}},"18":{"start":{"line":37,"column":6},"end":{"line":41,"column":9}},"19":{"start":{"line":45,"column":4},"end":{"line":90,"column":5}}},"fnMap":{"0":{"name":"(anonymous_0)","decl":{"start":{"line":5,"column":2},"end":{"line":5,"column":3}},"loc":{"start":{"line":5,"column":21},"end":{"line":14,"column":3}},"line":5},"1":{"name":"(anonymous_1)","decl":{"start":{"line":15,"column":24},"end":{"line":15,"column":25}},"loc":{"start":{"line":15,"column":31},"end":{"line":18,"column":3}},"line":15},"2":{"name":"(anonymous_2)","decl":{"start":{"line":17,"column":18},"end":{"line":17,"column":19}},"loc":{"start":{"line":17,"column":25},"end":{"line":17,"column":40}},"line":17},"3":{"name":"(anonymous_3)","decl":{"start":{"line":19,"column":17},"end":{"line":19,"column":18}},"loc":{"start":{"line":19,"column":24},"end":{"line":22,"column":3}},"line":19},"4":{"name":"(anonymous_4)","decl":{"start":{"line":21,"column":18},"end":{"line":21,"column":19}},"loc":{"start":{"line":21,"column":25},"end":{"line":21,"column":33}},"line":21},"5":{"name":"(anonymous_5)","decl":{"start":{"line":23,"column":19},"end":{"line":23,"column":20}},"loc":{"start":{"line":23,"column":26},"end":{"line":29,"column":3}},"line":23},"6":{"name":"(anonymous_6)","decl":{"start":{"line":27,"column":20},"end":{"line":27,"column":21}},"loc":{"start":{"line":27,"column":27},"end":{"line":27,"column":37}},"line":27},"7":{"name":"(anonymous_7)","decl":{"start":{"line":31,"column":13},"end":{"line":31,"column":14}},"loc":{"start":{"line":31,"column":20},"end":{"line":43,"column":3}},"line":31},"8":{"name":"(anonymous_8)","decl":{"start":{"line":34,"column":20},"end":{"line":34,"column":21}},"loc":{"start":{"line":34,"column":27},"end":{"line":34,"column":74}},"line":34},"9":{"name":"(anonymous_9)","decl":{"start":{"line":36,"column":20},"end":{"line":36,"column":21}},"loc":{"start":{"line":36,"column":26},"end":{"line":36,"column":38}},"line":36},"10":{"name":"(anonymous_10)","decl":{"start":{"line":44,"column":2},"end":{"line":44,"column":3}},"loc":{"start":{"line":44,"column":11},"end":{"line":91,"column":3}},"line":44}},"branchMap":{"0":{"loc":{"start":{"line":9,"column":19},"end":{"line":9,"column":59}},"type":"cond-expr","locations":[{"start":{"line":9,"column":32},"end":{"line":9,"column":54}},{"start":{"line":9,"column":57},"end":{"line":9,"column":59}}],"line":9},"1":{"loc":{"start":{"line":10,"column":12},"end":{"line":10,"column":45}},"type":"cond-expr","locations":[{"start":{"line":10,"column":25},"end":{"line":10,"column":40}},{"start":{"line":10,"column":43},"end":{"line":10,"column":45}}],"line":10},"2":{"loc":{"start":{"line":11,"column":14},"end":{"line":11,"column":67}},"type":"cond-expr","locations":[{"start":{"line":11,"column":27},"end":{"line":11,"column":62}},{"start":{"line":11,"column":65},"end":{"line":11,"column":67}}],"line":11},"3":{"loc":{"start":{"line":26,"column":4},"end":{"line":28,"column":5}},"type":"if","locations":[{"start":{"line":26,"column":4},"end":{"line":28,"column":5}},{"start":{"line":26,"column":4},"end":{"line":28,"column":5}}],"line":26},"4":{"loc":{"start":{"line":26,"column":8},"end":{"line":26,"column":55}},"type":"binary-expr","locations":[{"start":{"line":26,"column":8},"end":{"line":26,"column":15}},{"start":{"line":26,"column":19},"end":{"line":26,"column":55}}],"line":26},"5":{"loc":{"start":{"line":33,"column":4},"end":{"line":42,"column":5}},"type":"if","locations":[{"start":{"line":33,"column":4},"end":{"line":42,"column":5}},{"start":{"line":33,"column":4},"end":{"line":42,"column":5}}],"line":33},"6":{"loc":{"start":{"line":33,"column":8},"end":{"line":33,"column":53}},"type":"binary-expr","locations":[{"start":{"line":33,"column":8},"end":{"line":33,"column":31}},{"start":{"line":33,"column":35},"end":{"line":33,"column":53}}],"line":33},"7":{"loc":{"start":{"line":47,"column":9},"end":{"line":56,"column":16}},"type":"binary-expr","locations":[{"start":{"line":47,"column":9},"end":{"line":47,"column":25}},{"start":{"line":48,"column":10},"end":{"line":56,"column":16}}],"line":47}},"s":{"0":8,"1":8,"2":1,"3":1,"4":1,"5":1,"6":1,"7":1,"8":2,"9":2,"10":1,"11":1,"12":2,"13":2,"14":1,"15":1,"16":1,"17":1,"18":1,"19":13},"f":{"0":8,"1":1,"2":1,"3":1,"4":1,"5":2,"6":1,"7":2,"8":1,"9":1,"10":13},"b":{"0":[2,6],"1":[2,6],"2":[2,6],"3":[1,1],"4":[2,2],"5":[1,1],"6":[2,1],"7":[13,1]},"_coverageSchema":"332fd63041d2c1bcb487cc26dd0d5f7d97098a6c","hash":"57c3679abc6ae93aede285988f8ec1b6288ec604"}
,"/home/nico/Desktop/Code/CaminoApp/src/components/ItemList.js": {"path":"/home/nico/Desktop/Code/CaminoApp/src/components/ItemList.js","statementMap":{"0":{"start":{"line":6,"column":24},"end":{"line":18,"column":1}},"1":{"start":{"line":7,"column":2},"end":{"line":17,"column":8}},"2":{"start":{"line":13,"column":10},"end":{"line":13,"column":56}},"3":{"start":{"line":20,"column":24},"end":{"line":24,"column":1}},"4":{"start":{"line":21,"column":2},"end":{"line":23,"column":4}}},"fnMap":{"0":{"name":"(anonymous_0)","decl":{"start":{"line":6,"column":24},"end":{"line":6,"column":25}},"loc":{"start":{"line":7,"column":2},"end":{"line":17,"column":8}},"line":7},"1":{"name":"(anonymous_1)","decl":{"start":{"line":12,"column":24},"end":{"line":12,"column":25}},"loc":{"start":{"line":12,"column":34},"end":{"line":14,"column":9}},"line":12},"2":{"name":"(anonymous_2)","decl":{"start":{"line":20,"column":24},"end":{"line":20,"column":25}},"loc":{"start":{"line":20,"column":35},"end":{"line":24,"column":1}},"line":20}},"branchMap":{"0":{"loc":{"start":{"line":9,"column":6},"end":{"line":15,"column":7}},"type":"cond-expr","locations":[{"start":{"line":10,"column":8},"end":{"line":10,"column":94}},{"start":{"line":12,"column":8},"end":{"line":14,"column":10}}],"line":9}},"s":{"0":2,"1":2,"2":3,"3":2,"4":0},"f":{"0":2,"1":3,"2":0},"b":{"0":[1,1]},"_coverageSchema":"332fd63041d2c1bcb487cc26dd0d5f7d97098a6c","hash":"b859f59362d86b2cee68dc481d4c3400adc39ad5"}
,"/home/nico/Desktop/Code/CaminoApp/src/components/ItemListFilters.js": {"path":"/home/nico/Desktop/Code/CaminoApp/src/components/ItemListFilters.js","statementMap":{"0":{"start":{"line":10,"column":4},"end":{"line":10,"column":45}},"1":{"start":{"line":13,"column":4},"end":{"line":17,"column":5}},"2":{"start":{"line":14,"column":6},"end":{"line":14,"column":32}},"3":{"start":{"line":15,"column":11},"end":{"line":17,"column":5}},"4":{"start":{"line":16,"column":6},"end":{"line":16,"column":31}},"5":{"start":{"line":20,"column":4},"end":{"line":40,"column":8}},"6":{"start":{"line":44,"column":24},"end":{"line":46,"column":2}},"7":{"start":{"line":44,"column":36},"end":{"line":46,"column":1}},"8":{"start":{"line":48,"column":27},"end":{"line":52,"column":2}},"9":{"start":{"line":48,"column":42},"end":{"line":52,"column":1}},"10":{"start":{"line":49,"column":27},"end":{"line":49,"column":56}},"11":{"start":{"line":50,"column":22},"end":{"line":50,"column":46}},"12":{"start":{"line":51,"column":21},"end":{"line":51,"column":44}}},"fnMap":{"0":{"name":"(anonymous_0)","decl":{"start":{"line":9,"column":17},"end":{"line":9,"column":18}},"loc":{"start":{"line":9,"column":24},"end":{"line":11,"column":3}},"line":9},"1":{"name":"(anonymous_1)","decl":{"start":{"line":12,"column":17},"end":{"line":12,"column":18}},"loc":{"start":{"line":12,"column":24},"end":{"line":18,"column":3}},"line":12},"2":{"name":"(anonymous_2)","decl":{"start":{"line":19,"column":2},"end":{"line":19,"column":3}},"loc":{"start":{"line":19,"column":11},"end":{"line":41,"column":3}},"line":19},"3":{"name":"(anonymous_3)","decl":{"start":{"line":44,"column":24},"end":{"line":44,"column":25}},"loc":{"start":{"line":44,"column":36},"end":{"line":46,"column":1}},"line":44},"4":{"name":"(anonymous_4)","decl":{"start":{"line":48,"column":27},"end":{"line":48,"column":28}},"loc":{"start":{"line":48,"column":42},"end":{"line":52,"column":1}},"line":48},"5":{"name":"(anonymous_5)","decl":{"start":{"line":49,"column":17},"end":{"line":49,"column":18}},"loc":{"start":{"line":49,"column":27},"end":{"line":49,"column":56}},"line":49},"6":{"name":"(anonymous_6)","decl":{"start":{"line":50,"column":16},"end":{"line":50,"column":17}},"loc":{"start":{"line":50,"column":22},"end":{"line":50,"column":46}},"line":50},"7":{"name":"(anonymous_7)","decl":{"start":{"line":51,"column":15},"end":{"line":51,"column":16}},"loc":{"start":{"line":51,"column":21},"end":{"line":51,"column":44}},"line":51}},"branchMap":{"0":{"loc":{"start":{"line":13,"column":4},"end":{"line":17,"column":5}},"type":"if","locations":[{"start":{"line":13,"column":4},"end":{"line":17,"column":5}},{"start":{"line":13,"column":4},"end":{"line":17,"column":5}}],"line":13},"1":{"loc":{"start":{"line":15,"column":11},"end":{"line":17,"column":5}},"type":"if","locations":[{"start":{"line":15,"column":11},"end":{"line":17,"column":5}},{"start":{"line":15,"column":11},"end":{"line":17,"column":5}}],"line":15}},"s":{"0":1,"1":1,"2":1,"3":0,"4":0,"5":6,"6":2,"7":0,"8":2,"9":0,"10":0,"11":0,"12":0},"f":{"0":1,"1":1,"2":6,"3":0,"4":0,"5":0,"6":0,"7":0},"b":{"0":[1,0],"1":[0,0]},"_coverageSchema":"332fd63041d2c1bcb487cc26dd0d5f7d97098a6c","hash":"20d3568051764e95bbd9cbbfbb39da27cfb31436"}
,"/home/nico/Desktop/Code/CaminoApp/src/components/ItemListItem.js": {"path":"/home/nico/Desktop/Code/CaminoApp/src/components/ItemListItem.js","statementMap":{"0":{"start":{"line":5,"column":21},"end":{"line":17,"column":1}},"1":{"start":{"line":6,"column":2},"end":{"line":16,"column":8}}},"fnMap":{"0":{"name":"(anonymous_0)","decl":{"start":{"line":5,"column":21},"end":{"line":5,"column":22}},"loc":{"start":{"line":6,"column":2},"end":{"line":16,"column":8}},"line":6}},"branchMap":{},"s":{"0":3,"1":1},"f":{"0":1},"b":{},"_coverageSchema":"332fd63041d2c1bcb487cc26dd0d5f7d97098a6c","hash":"8577914c835875e1da02abab18306d83adf1f064"}
,"/home/nico/Desktop/Code/CaminoApp/src/components/ItemPlot.js": {"path":"/home/nico/Desktop/Code/CaminoApp/src/components/ItemPlot.js","statementMap":{"0":{"start":{"line":6,"column":24},"end":{"line":16,"column":1}},"1":{"start":{"line":7,"column":4},"end":{"line":15,"column":5}},"2":{"start":{"line":8,"column":6},"end":{"line":10,"column":7}},"3":{"start":{"line":12,"column":6},"end":{"line":14,"column":7}},"4":{"start":{"line":18,"column":24},"end":{"line":22,"column":1}},"5":{"start":{"line":19,"column":2},"end":{"line":21,"column":4}}},"fnMap":{"0":{"name":"(anonymous_0)","decl":{"start":{"line":6,"column":24},"end":{"line":6,"column":25}},"loc":{"start":{"line":6,"column":35},"end":{"line":16,"column":1}},"line":6},"1":{"name":"(anonymous_1)","decl":{"start":{"line":18,"column":24},"end":{"line":18,"column":25}},"loc":{"start":{"line":18,"column":35},"end":{"line":22,"column":1}},"line":18}},"branchMap":{"0":{"loc":{"start":{"line":7,"column":4},"end":{"line":15,"column":5}},"type":"if","locations":[{"start":{"line":7,"column":4},"end":{"line":15,"column":5}},{"start":{"line":7,"column":4},"end":{"line":15,"column":5}}],"line":7}},"s":{"0":2,"1":2,"2":1,"3":1,"4":2,"5":0},"f":{"0":2,"1":0},"b":{"0":[1,1]},"_coverageSchema":"332fd63041d2c1bcb487cc26dd0d5f7d97098a6c","hash":"d2ee3ee785c68cdf99932c3b853b88f234a8eb07"}
,"/home/nico/Desktop/Code/CaminoApp/src/components/ItemPlotItem.js": {"path":"/home/nico/Desktop/Code/CaminoApp/src/components/ItemPlotItem.js","statementMap":{"0":{"start":{"line":6,"column":21},"end":{"line":25,"column":1}},"1":{"start":{"line":7,"column":17},"end":{"line":7,"column":70}},"2":{"start":{"line":8,"column":15},"end":{"line":8,"column":49}},"3":{"start":{"line":9,"column":14},"end":{"line":9,"column":34}},"4":{"start":{"line":11,"column":2},"end":{"line":24,"column":3}}},"fnMap":{"0":{"name":"(anonymous_0)","decl":{"start":{"line":6,"column":21},"end":{"line":6,"column":22}},"loc":{"start":{"line":6,"column":34},"end":{"line":25,"column":1}},"line":6}},"branchMap":{},"s":{"0":2,"1":0,"2":0,"3":0,"4":0},"f":{"0":0},"b":{},"_coverageSchema":"332fd63041d2c1bcb487cc26dd0d5f7d97098a6c","hash":"9e6e397b163cb784b573be661d0910fc19b5edb9"}
,"/home/nico/Desktop/Code/CaminoApp/src/components/NotFoundPage.js": {"path":"/home/nico/Desktop/Code/CaminoApp/src/components/NotFoundPage.js","statementMap":{"0":{"start":{"line":5,"column":21},"end":{"line":15,"column":1}},"1":{"start":{"line":6,"column":2},"end":{"line":14,"column":8}}},"fnMap":{"0":{"name":"(anonymous_0)","decl":{"start":{"line":5,"column":21},"end":{"line":5,"column":22}},"loc":{"start":{"line":6,"column":2},"end":{"line":14,"column":8}},"line":6}},"branchMap":{},"s":{"0":1,"1":1},"f":{"0":1},"b":{},"_coverageSchema":"332fd63041d2c1bcb487cc26dd0d5f7d97098a6c","hash":"2cc6456e48b89a8d3cbbdbaccfff6c91f3e287e6"}
,"/home/nico/Desktop/Code/CaminoApp/src/firebase/firebase.js": {"path":"/home/nico/Desktop/Code/CaminoApp/src/firebase/firebase.js","statementMap":{"0":{"start":{"line":3,"column":15},"end":{"line":10,"column":2}},"1":{"start":{"line":12,"column":0},"end":{"line":12,"column":31}},"2":{"start":{"line":14,"column":17},"end":{"line":14,"column":36}}},"fnMap":{},"branchMap":{},"s":{"0":3,"1":3,"2":3},"f":{},"b":{},"_coverageSchema":"332fd63041d2c1bcb487cc26dd0d5f7d97098a6c","hash":"9b52eedbe052109a8828d656dd156a17ef891959"}
,"/home/nico/Desktop/Code/CaminoApp/src/reducers/filters.js": {"path":"/home/nico/Desktop/Code/CaminoApp/src/reducers/filters.js","statementMap":{"0":{"start":{"line":2,"column":35},"end":{"line":5,"column":1}},"1":{"start":{"line":8,"column":2},"end":{"line":26,"column":3}},"2":{"start":{"line":10,"column":6},"end":{"line":13,"column":8}},"3":{"start":{"line":15,"column":6},"end":{"line":18,"column":8}},"4":{"start":{"line":20,"column":6},"end":{"line":23,"column":8}},"5":{"start":{"line":25,"column":6},"end":{"line":25,"column":19}}},"fnMap":{"0":{"name":"(anonymous_0)","decl":{"start":{"line":7,"column":15},"end":{"line":7,"column":16}},"loc":{"start":{"line":7,"column":63},"end":{"line":27,"column":1}},"line":7}},"branchMap":{"0":{"loc":{"start":{"line":7,"column":16},"end":{"line":7,"column":50}},"type":"default-arg","locations":[{"start":{"line":7,"column":24},"end":{"line":7,"column":50}}],"line":7},"1":{"loc":{"start":{"line":8,"column":2},"end":{"line":26,"column":3}},"type":"switch","locations":[{"start":{"line":9,"column":4},"end":{"line":13,"column":8}},{"start":{"line":14,"column":4},"end":{"line":18,"column":8}},{"start":{"line":19,"column":4},"end":{"line":23,"column":8}},{"start":{"line":24,"column":4},"end":{"line":25,"column":19}}],"line":8}},"s":{"0":1,"1":3,"2":1,"3":1,"4":0,"5":1},"f":{"0":3},"b":{"0":[3],"1":[1,1,0,1]},"_coverageSchema":"332fd63041d2c1bcb487cc26dd0d5f7d97098a6c","hash":"97a2c776940988a4822010029f45a25603893e23"}
,"/home/nico/Desktop/Code/CaminoApp/src/reducers/items.js": {"path":"/home/nico/Desktop/Code/CaminoApp/src/reducers/items.js","statementMap":{"0":{"start":{"line":2,"column":33},"end":{"line":2,"column":35}},"1":{"start":{"line":5,"column":2},"end":{"line":28,"column":3}},"2":{"start":{"line":7,"column":6},"end":{"line":10,"column":8}},"3":{"start":{"line":12,"column":6},"end":{"line":12,"column":56}},"4":{"start":{"line":12,"column":38},"end":{"line":12,"column":54}},"5":{"start":{"line":14,"column":6},"end":{"line":23,"column":9}},"6":{"start":{"line":15,"column":8},"end":{"line":22,"column":9}},"7":{"start":{"line":16,"column":10},"end":{"line":19,"column":12}},"8":{"start":{"line":21,"column":10},"end":{"line":21,"column":22}},"9":{"start":{"line":25,"column":6},"end":{"line":25,"column":26}},"10":{"start":{"line":27,"column":6},"end":{"line":27,"column":19}}},"fnMap":{"0":{"name":"(anonymous_0)","decl":{"start":{"line":4,"column":15},"end":{"line":4,"column":16}},"loc":{"start":{"line":4,"column":61},"end":{"line":29,"column":1}},"line":4},"1":{"name":"(anonymous_1)","decl":{"start":{"line":12,"column":26},"end":{"line":12,"column":27}},"loc":{"start":{"line":12,"column":38},"end":{"line":12,"column":54}},"line":12},"2":{"name":"(anonymous_2)","decl":{"start":{"line":14,"column":23},"end":{"line":14,"column":24}},"loc":{"start":{"line":14,"column":33},"end":{"line":23,"column":7}},"line":14}},"branchMap":{"0":{"loc":{"start":{"line":4,"column":16},"end":{"line":4,"column":48}},"type":"default-arg","locations":[{"start":{"line":4,"column":24},"end":{"line":4,"column":48}}],"line":4},"1":{"loc":{"start":{"line":5,"column":2},"end":{"line":28,"column":3}},"type":"switch","locations":[{"start":{"line":6,"column":4},"end":{"line":10,"column":8}},{"start":{"line":11,"column":4},"end":{"line":12,"column":56}},{"start":{"line":13,"column":4},"end":{"line":23,"column":9}},{"start":{"line":24,"column":4},"end":{"line":25,"column":26}},{"start":{"line":26,"column":4},"end":{"line":27,"column":19}}],"line":5},"2":{"loc":{"start":{"line":15,"column":8},"end":{"line":22,"column":9}},"type":"if","locations":[{"start":{"line":15,"column":8},"end":{"line":22,"column":9}},{"start":{"line":15,"column":8},"end":{"line":22,"column":9}}],"line":15}},"s":{"0":1,"1":7,"2":1,"3":2,"4":6,"5":2,"6":6,"7":1,"8":5,"9":1,"10":1},"f":{"0":7,"1":6,"2":6},"b":{"0":[1],"1":[1,2,2,1,1],"2":[1,5]},"_coverageSchema":"332fd63041d2c1bcb487cc26dd0d5f7d97098a6c","hash":"8977cd207d415f24effea59eb44fb21faef31ed0"}
,"/home/nico/Desktop/Code/CaminoApp/src/selectors/items.js": {"path":"/home/nico/Desktop/Code/CaminoApp/src/selectors/items.js","statementMap":{"0":{"start":{"line":3,"column":2},"end":{"line":13,"column":5}},"1":{"start":{"line":4,"column":22},"end":{"line":4,"column":81}},"2":{"start":{"line":6,"column":4},"end":{"line":6,"column":21}},"3":{"start":{"line":8,"column":4},"end":{"line":12,"column":5}},"4":{"start":{"line":9,"column":6},"end":{"line":9,"column":41}},"5":{"start":{"line":10,"column":11},"end":{"line":12,"column":5}},"6":{"start":{"line":11,"column":6},"end":{"line":11,"column":39}}},"fnMap":{"0":{"name":"(anonymous_0)","decl":{"start":{"line":2,"column":15},"end":{"line":2,"column":16}},"loc":{"start":{"line":2,"column":42},"end":{"line":14,"column":1}},"line":2},"1":{"name":"(anonymous_1)","decl":{"start":{"line":3,"column":22},"end":{"line":3,"column":23}},"loc":{"start":{"line":3,"column":32},"end":{"line":7,"column":3}},"line":3},"2":{"name":"(anonymous_2)","decl":{"start":{"line":7,"column":10},"end":{"line":7,"column":11}},"loc":{"start":{"line":7,"column":20},"end":{"line":13,"column":3}},"line":7}},"branchMap":{"0":{"loc":{"start":{"line":8,"column":4},"end":{"line":12,"column":5}},"type":"if","locations":[{"start":{"line":8,"column":4},"end":{"line":12,"column":5}},{"start":{"line":8,"column":4},"end":{"line":12,"column":5}}],"line":8},"1":{"loc":{"start":{"line":9,"column":13},"end":{"line":9,"column":40}},"type":"cond-expr","locations":[{"start":{"line":9,"column":35},"end":{"line":9,"column":36}},{"start":{"line":9,"column":38},"end":{"line":9,"column":40}}],"line":9},"2":{"loc":{"start":{"line":10,"column":11},"end":{"line":12,"column":5}},"type":"if","locations":[{"start":{"line":10,"column":11},"end":{"line":12,"column":5}},{"start":{"line":10,"column":11},"end":{"line":12,"column":5}}],"line":10},"3":{"loc":{"start":{"line":11,"column":13},"end":{"line":11,"column":38}},"type":"cond-expr","locations":[{"start":{"line":11,"column":33},"end":{"line":11,"column":34}},{"start":{"line":11,"column":36},"end":{"line":11,"column":38}}],"line":11}},"s":{"0":2,"1":6,"2":6,"3":4,"4":4,"5":0,"6":0},"f":{"0":2,"1":6,"2":4},"b":{"0":[4,0],"1":[4,0],"2":[0,0],"3":[0,0]},"_coverageSchema":"332fd63041d2c1bcb487cc26dd0d5f7d97098a6c","hash":"4a9a9af0fd26323dba5c2df8eeb9de9f2daf9622"}
,"/home/nico/Desktop/Code/CaminoApp/src/selectors/plot-data-format.js": {"path":"/home/nico/Desktop/Code/CaminoApp/src/selectors/plot-data-format.js","statementMap":{"0":{"start":{"line":3,"column":2},"end":{"line":17,"column":5}},"1":{"start":{"line":4,"column":18},"end":{"line":4,"column":59}},"2":{"start":{"line":5,"column":19},"end":{"line":5,"column":60}},"3":{"start":{"line":6,"column":19},"end":{"line":6,"column":60}},"4":{"start":{"line":8,"column":4},"end":{"line":16,"column":5}}},"fnMap":{"0":{"name":"(anonymous_0)","decl":{"start":{"line":1,"column":15},"end":{"line":1,"column":16}},"loc":{"start":{"line":1,"column":26},"end":{"line":18,"column":1}},"line":1},"1":{"name":"(anonymous_1)","decl":{"start":{"line":3,"column":19},"end":{"line":3,"column":20}},"loc":{"start":{"line":3,"column":41},"end":{"line":17,"column":3}},"line":3}},"branchMap":{},"s":{"0":3,"1":4,"2":4,"3":4,"4":4},"f":{"0":3,"1":4},"b":{},"_coverageSchema":"332fd63041d2c1bcb487cc26dd0d5f7d97098a6c","hash":"457e93d4a4cf77f2acc0ac8e54ad58b99ad092ea"}
,"/home/nico/Desktop/Code/CaminoApp/src/selectors/plot-data.js": {"path":"/home/nico/Desktop/Code/CaminoApp/src/selectors/plot-data.js","statementMap":{"0":{"start":{"line":2,"column":2},"end":{"line":11,"column":5}},"1":{"start":{"line":3,"column":4},"end":{"line":9,"column":5}}},"fnMap":{"0":{"name":"(anonymous_0)","decl":{"start":{"line":1,"column":15},"end":{"line":1,"column":16}},"loc":{"start":{"line":1,"column":26},"end":{"line":12,"column":1}},"line":1},"1":{"name":"(anonymous_1)","decl":{"start":{"line":2,"column":19},"end":{"line":2,"column":20}},"loc":{"start":{"line":2,"column":42},"end":{"line":11,"column":3}},"line":2}},"branchMap":{},"s":{"0":3,"1":4},"f":{"0":3,"1":4},"b":{},"_coverageSchema":"332fd63041d2c1bcb487cc26dd0d5f7d97098a6c","hash":"e624b95c59370d1f900031e33fa25090c146f1c9"}
,"/home/nico/Desktop/Code/CaminoApp/src/tests/setupTests.js": {"path":"/home/nico/Desktop/Code/CaminoApp/src/tests/setupTests.js","statementMap":{"0":{"start":{"line":4,"column":0},"end":{"line":4,"column":36}},"1":{"start":{"line":6,"column":0},"end":{"line":8,"column":3}}},"fnMap":{},"branchMap":{},"s":{"0":18,"1":18},"f":{},"b":{},"_coverageSchema":"332fd63041d2c1bcb487cc26dd0d5f7d97098a6c","hash":"5d707d86aefa9b632acc2241ad509a8b8d40d88e"}
,"/home/nico/Desktop/Code/CaminoApp/src/tests/fixtures/filters.js": {"path":"/home/nico/Desktop/Code/CaminoApp/src/tests/fixtures/filters.js","statementMap":{"0":{"start":{"line":2,"column":16},"end":{"line":5,"column":1}},"1":{"start":{"line":7,"column":19},"end":{"line":10,"column":1}}},"fnMap":{},"branchMap":{},"s":{"0":1,"1":1},"f":{},"b":{},"_coverageSchema":"332fd63041d2c1bcb487cc26dd0d5f7d97098a6c","hash":"76a9ace613573c7adf3c74bff5e04a062bd5884d"}
,"/home/nico/Desktop/Code/CaminoApp/src/tests/fixtures/items.js": {"path":"/home/nico/Desktop/Code/CaminoApp/src/tests/fixtures/items.js","statementMap":{},"fnMap":{},"branchMap":{},"s":{},"f":{},"b":{},"_coverageSchema":"332fd63041d2c1bcb487cc26dd0d5f7d97098a6c","hash":"b6ef0b3459685936c726fe834304fed9e8a2c86e"}
,"/home/nico/Desktop/Code/CaminoApp/src/tests/fixtures/plot-data.js": {"path":"/home/nico/Desktop/Code/CaminoApp/src/tests/fixtures/plot-data.js","statementMap":{},"fnMap":{},"branchMap":{},"s":{},"f":{},"b":{},"_coverageSchema":"332fd63041d2c1bcb487cc26dd0d5f7d97098a6c","hash":"48d3fbe5eb5ae54a21e9e9ab6a90cfa54e8e4131"}
}
