TN:
SF:/home/nico/Desktop/Code/CaminoApp/src/actions/filters.js
FN:2,(anonymous_0)
FN:8,(anonymous_1)
FN:13,(anonymous_2)
FNF:3
FNH:2
FNDA:2,(anonymous_0)
FNDA:0,(anonymous_1)
FNDA:1,(anonymous_2)
DA:2,3
DA:8,3
DA:13,3
LF:3
LH:3
BRDA:2,0,0,1
BRF:1
BRH:1
end_of_record
TN:
SF:/home/nico/Desktop/Code/CaminoApp/src/actions/items.js
FN:5,(anonymous_0)
FN:11,(anonymous_1)
FN:12,(anonymous_2)
FN:24,(anonymous_3)
FN:34,(anonymous_4)
FN:40,(anonymous_5)
FN:41,(anonymous_6)
FN:42,(anonymous_7)
FN:49,(anonymous_8)
FN:56,(anonymous_9)
FN:57,(anonymous_10)
FN:58,(anonymous_11)
FN:65,(anonymous_12)
FN:71,(anonymous_13)
FN:72,(anonymous_14)
FN:73,(anonymous_15)
FN:76,(anonymous_16)
FNF:17
FNH:17
FNDA:3,(anonymous_0)
FNDA:2,(anonymous_1)
FNDA:2,(anonymous_2)
FNDA:2,(anonymous_3)
FNDA:2,(anonymous_4)
FNDA:1,(anonymous_5)
FNDA:1,(anonymous_6)
FNDA:1,(anonymous_7)
FNDA:2,(anonymous_8)
FNDA:1,(anonymous_9)
FNDA:1,(anonymous_10)
FNDA:1,(anonymous_11)
FNDA:2,(anonymous_12)
FNDA:1,(anonymous_13)
FNDA:1,(anonymous_14)
FNDA:1,(anonymous_15)
FNDA:3,(anonymous_16)
DA:5,3
DA:11,3
DA:12,2
DA:21,2
DA:22,2
DA:24,2
DA:25,2
DA:34,3
DA:40,3
DA:41,1
DA:42,1
DA:43,1
DA:49,3
DA:56,3
DA:57,1
DA:58,1
DA:59,1
DA:65,3
DA:71,3
DA:72,1
DA:73,1
DA:74,1
DA:76,1
DA:77,3
DA:83,1
LF:25
LH:25
BRDA:11,0,0,0
BRDA:14,1,0,1
BRDA:15,2,0,1
BRDA:16,3,0,1
BRDA:17,4,0,1
BRDA:18,5,0,1
BRDA:19,6,0,1
BRDA:20,7,0,1
BRDA:34,8,0,0
BRDA:40,9,0,0
BRF:10
BRH:7
end_of_record
TN:
SF:/home/nico/Desktop/Code/CaminoApp/src/components/AboutPage.js
FN:5,(anonymous_0)
FNF:1
FNH:1
FNDA:1,(anonymous_0)
DA:5,1
DA:6,1
LF:2
LH:2
BRF:0
BRH:0
end_of_record
TN:
SF:/home/nico/Desktop/Code/CaminoApp/src/components/AddItemPage.js
FN:8,(anonymous_0)
FN:12,(anonymous_1)
FN:26,(anonymous_2)
FN:27,(anonymous_3)
FNF:4
FNH:2
FNDA:1,(anonymous_0)
FNDA:2,(anonymous_1)
FNDA:0,(anonymous_2)
FNDA:0,(anonymous_3)
DA:9,1
DA:10,1
DA:13,2
DA:26,1
DA:27,0
LF:5
LH:4
BRF:0
BRH:0
end_of_record
TN:
SF:/home/nico/Desktop/Code/CaminoApp/src/components/DashboardPage.js
FN:7,(anonymous_0)
FNF:1
FNH:1
FNDA:1,(anonymous_0)
DA:7,1
DA:8,1
LF:2
LH:2
BRF:0
BRH:0
end_of_record
TN:
SF:/home/nico/Desktop/Code/CaminoApp/src/components/EditItemPage.js
FN:8,(anonymous_0)
FN:12,(anonymous_1)
FN:16,(anonymous_2)
FN:31,(anonymous_3)
FN:32,(anonymous_4)
FN:35,(anonymous_5)
FN:36,(anonymous_6)
FN:37,(anonymous_7)
FNF:8
FNH:3
FNDA:1,(anonymous_0)
FNDA:1,(anonymous_1)
FNDA:3,(anonymous_2)
FNDA:0,(anonymous_3)
FNDA:0,(anonymous_4)
FNDA:0,(anonymous_5)
FNDA:0,(anonymous_6)
FNDA:0,(anonymous_7)
DA:9,1
DA:10,1
DA:13,1
DA:14,1
DA:17,3
DA:31,1
DA:32,0
DA:35,1
DA:36,0
DA:37,0
LF:10
LH:7
BRF:0
BRH:0
end_of_record
TN:
SF:/home/nico/Desktop/Code/CaminoApp/src/components/Header.js
FN:5,(anonymous_0)
FNF:1
FNH:1
FNDA:1,(anonymous_0)
DA:5,1
DA:6,1
LF:2
LH:2
BRF:0
BRH:0
end_of_record
TN:
SF:/home/nico/Desktop/Code/CaminoApp/src/components/ItemForm.js
FN:5,(anonymous_0)
FN:15,(anonymous_1)
FN:17,(anonymous_2)
FN:19,(anonymous_3)
FN:21,(anonymous_4)
FN:23,(anonymous_5)
FN:27,(anonymous_6)
FN:31,(anonymous_7)
FN:34,(anonymous_8)
FN:36,(anonymous_9)
FN:44,(anonymous_10)
FNF:11
FNH:11
FNDA:8,(anonymous_0)
FNDA:1,(anonymous_1)
FNDA:1,(anonymous_2)
FNDA:1,(anonymous_3)
FNDA:1,(anonymous_4)
FNDA:2,(anonymous_5)
FNDA:1,(anonymous_6)
FNDA:2,(anonymous_7)
FNDA:1,(anonymous_8)
FNDA:1,(anonymous_9)
FNDA:13,(anonymous_10)
DA:6,8
DA:8,8
DA:16,1
DA:17,1
DA:20,1
DA:21,1
DA:24,2
DA:26,2
DA:27,1
DA:32,2
DA:33,2
DA:34,1
DA:36,1
DA:37,1
DA:45,13
LF:15
LH:15
BRDA:9,0,0,2
BRDA:9,0,1,6
BRDA:10,1,0,2
BRDA:10,1,1,6
BRDA:11,2,0,2
BRDA:11,2,1,6
BRDA:26,3,0,1
BRDA:26,3,1,1
BRDA:26,4,0,2
BRDA:26,4,1,2
BRDA:33,5,0,1
BRDA:33,5,1,1
BRDA:33,6,0,2
BRDA:33,6,1,1
BRDA:47,7,0,13
BRDA:47,7,1,1
BRF:16
BRH:16
end_of_record
TN:
SF:/home/nico/Desktop/Code/CaminoApp/src/components/ItemList.js
FN:6,(anonymous_0)
FN:12,(anonymous_1)
FN:20,(anonymous_2)
FNF:3
FNH:2
FNDA:2,(anonymous_0)
FNDA:3,(anonymous_1)
FNDA:0,(anonymous_2)
DA:6,2
DA:7,2
DA:13,3
DA:20,2
DA:21,0
LF:5
LH:4
BRDA:9,0,0,1
BRDA:9,0,1,1
BRF:2
BRH:2
end_of_record
TN:
SF:/home/nico/Desktop/Code/CaminoApp/src/components/ItemListFilters.js
FN:9,(anonymous_0)
FN:12,(anonymous_1)
FN:19,(anonymous_2)
FN:44,(anonymous_3)
FN:48,(anonymous_4)
FN:49,(anonymous_5)
FN:50,(anonymous_6)
FN:51,(anonymous_7)
FNF:8
FNH:3
FNDA:1,(anonymous_0)
FNDA:1,(anonymous_1)
FNDA:6,(anonymous_2)
FNDA:0,(anonymous_3)
FNDA:0,(anonymous_4)
FNDA:0,(anonymous_5)
FNDA:0,(anonymous_6)
FNDA:0,(anonymous_7)
DA:10,1
DA:13,1
DA:14,1
DA:15,0
DA:16,0
DA:20,6
DA:44,2
DA:48,2
DA:49,0
DA:50,0
DA:51,0
LF:11
LH:6
BRDA:13,0,0,1
BRDA:13,0,1,0
BRDA:15,1,0,0
BRDA:15,1,1,0
BRF:4
BRH:1
end_of_record
TN:
SF:/home/nico/Desktop/Code/CaminoApp/src/components/ItemListItem.js
FN:5,(anonymous_0)
FNF:1
FNH:1
FNDA:1,(anonymous_0)
DA:5,3
DA:6,1
LF:2
LH:2
BRF:0
BRH:0
end_of_record
TN:
SF:/home/nico/Desktop/Code/CaminoApp/src/components/ItemPlot.js
FN:6,(anonymous_0)
FN:18,(anonymous_1)
FNF:2
FNH:1
FNDA:2,(anonymous_0)
FNDA:0,(anonymous_1)
DA:6,2
DA:7,2
DA:8,1
DA:12,1
DA:18,2
DA:19,0
LF:6
LH:5
BRDA:7,0,0,1
BRDA:7,0,1,1
BRF:2
BRH:2
end_of_record
TN:
SF:/home/nico/Desktop/Code/CaminoApp/src/components/ItemPlotItem.js
FN:6,(anonymous_0)
FNF:1
FNH:0
FNDA:0,(anonymous_0)
DA:6,2
DA:7,0
DA:8,0
DA:9,0
DA:11,0
LF:5
LH:1
BRF:0
BRH:0
end_of_record
TN:
SF:/home/nico/Desktop/Code/CaminoApp/src/components/NotFoundPage.js
FN:5,(anonymous_0)
FNF:1
FNH:1
FNDA:1,(anonymous_0)
DA:5,1
DA:6,1
LF:2
LH:2
BRF:0
BRH:0
end_of_record
TN:
SF:/home/nico/Desktop/Code/CaminoApp/src/firebase/firebase.js
FNF:0
FNH:0
DA:3,3
DA:12,3
DA:14,3
LF:3
LH:3
BRF:0
BRH:0
end_of_record
TN:
SF:/home/nico/Desktop/Code/CaminoApp/src/reducers/filters.js
FN:7,(anonymous_0)
FNF:1
FNH:1
FNDA:3,(anonymous_0)
DA:2,1
DA:8,3
DA:10,1
DA:15,1
DA:20,0
DA:25,1
LF:6
LH:5
BRDA:7,0,0,3
BRDA:8,1,0,1
BRDA:8,1,1,1
BRDA:8,1,2,0
BRDA:8,1,3,1
BRF:5
BRH:4
end_of_record
TN:
SF:/home/nico/Desktop/Code/CaminoApp/src/reducers/items.js
FN:4,(anonymous_0)
FN:12,(anonymous_1)
FN:14,(anonymous_2)
FNF:3
FNH:3
FNDA:7,(anonymous_0)
FNDA:6,(anonymous_1)
FNDA:6,(anonymous_2)
DA:2,1
DA:5,7
DA:7,1
DA:12,6
DA:14,2
DA:15,6
DA:16,1
DA:21,5
DA:25,1
DA:27,1
LF:10
LH:10
BRDA:4,0,0,1
BRDA:5,1,0,1
BRDA:5,1,1,2
BRDA:5,1,2,2
BRDA:5,1,3,1
BRDA:5,1,4,1
BRDA:15,2,0,1
BRDA:15,2,1,5
BRF:8
BRH:8
end_of_record
TN:
SF:/home/nico/Desktop/Code/CaminoApp/src/selectors/items.js
FN:2,(anonymous_0)
FN:3,(anonymous_1)
FN:7,(anonymous_2)
FNF:3
FNH:3
FNDA:2,(anonymous_0)
FNDA:6,(anonymous_1)
FNDA:4,(anonymous_2)
DA:3,2
DA:4,6
DA:6,6
DA:8,4
DA:9,4
DA:10,0
DA:11,0
LF:7
LH:5
BRDA:8,0,0,4
BRDA:8,0,1,0
BRDA:9,1,0,4
BRDA:9,1,1,0
BRDA:10,2,0,0
BRDA:10,2,1,0
BRDA:11,3,0,0
BRDA:11,3,1,0
BRF:8
BRH:2
end_of_record
TN:
SF:/home/nico/Desktop/Code/CaminoApp/src/selectors/plot-data-format.js
FN:1,(anonymous_0)
FN:3,(anonymous_1)
FNF:2
FNH:2
FNDA:3,(anonymous_0)
FNDA:4,(anonymous_1)
DA:3,3
DA:4,4
DA:5,4
DA:6,4
DA:8,4
LF:5
LH:5
BRF:0
BRH:0
end_of_record
TN:
SF:/home/nico/Desktop/Code/CaminoApp/src/selectors/plot-data.js
FN:1,(anonymous_0)
FN:2,(anonymous_1)
FNF:2
FNH:2
FNDA:3,(anonymous_0)
FNDA:4,(anonymous_1)
DA:2,3
DA:3,4
LF:2
LH:2
BRF:0
BRH:0
end_of_record
TN:
SF:/home/nico/Desktop/Code/CaminoApp/src/tests/setupTests.js
FNF:0
FNH:0
DA:4,18
DA:6,18
LF:2
LH:2
BRF:0
BRH:0
end_of_record
TN:
SF:/home/nico/Desktop/Code/CaminoApp/src/tests/fixtures/filters.js
FNF:0
FNH:0
DA:2,1
DA:7,1
LF:2
LH:2
BRF:0
BRH:0
end_of_record
TN:
SF:/home/nico/Desktop/Code/CaminoApp/src/tests/fixtures/items.js
FNF:0
FNH:0
LF:0
LH:0
BRF:0
BRH:0
end_of_record
TN:
SF:/home/nico/Desktop/Code/CaminoApp/src/tests/fixtures/plot-data.js
FNF:0
FNH:0
LF:0
LH:0
BRF:0
BRH:0
end_of_record
